adci
adcz
adczx
adc
adcax
adcay
adcinx
adciny
andi
andz
andzx
and
andax
andyx
andinx
andiny
asla
aslz
aslzx
asl
aslax
bcc
bcs
beq
bitz
bit
bmi
bne
bpl
brk
bvc
bvs
clc
cld
cli
clv
cmpi
cmpz
cmpzx
cmp
cmpax
cmpay
cmpinx
cmpiny
cpxi
cpxz
cpx
cpyi
cpyz
cpy
decz
deczx
dec
decax
dex
dey
eori
eorz
eorzx
eor
eorax
eoray
eorinx
eoriny
incz
inczx
inc
incax
inx
iny
jmp
jmpin
jsr
ldai
ldaz
ldazx
lda
ldaax
ldaay
ldainx
ldainy
ldxi
ldxz
ldxzy
ldx
ldxay
ldyi
ldyz
ldyzy
ldy
ldyay
lsra
lsrz
lsrzx
lsr
lsrax
nop
orai
oraz
orazx
ora
oraax
oraay
orainx
orainy
pha
php
pla
plp
rola
rolz
rolzx
rol
rolax
rora
rorz
rorzx
ror
rorax
rti
rts
sbci
sbcz
sbczx
sbca
sbcax
sbcay
sbcinx
sbciny
sec
sed
sei
sbciny
staz
stazx
sta
staax
staay
stainx
stainy
stxz
stxzy
stx
styz
styzy
sty
tax
tay
tsx
txa
txs
tya
